This file contains any messages produced by compilers while
running configure, to aid debugging if configure makes a mistake.

It was created by INF2610-LAB3 configure 2.5, which was
generated by GNU Autoconf 2.69.  Invocation command line was

  $ ./configure --no-create --no-recursion

## --------- ##
## Platform. ##
## --------- ##

hostname = joger-ThinkPad-X1-Carbon-3rd
uname -m = x86_64
uname -r = 4.10.0-38-generic
uname -s = Linux
uname -v = #42~16.04.1-Ubuntu SMP Tue Oct 10 16:32:20 UTC 2017

/usr/bin/uname -p = unknown
/bin/uname -X     = unknown

/bin/arch              = unknown
/usr/bin/arch -k       = unknown
/usr/convex/getsysinfo = unknown
/usr/bin/hostinfo      = unknown
/bin/machine           = unknown
/usr/bin/oslevel       = unknown
/bin/universe          = unknown

PATH: /home/joger/bin
PATH: /home/joger/.local/bin
PATH: /usr/local/sbin
PATH: /usr/local/bin
PATH: /usr/sbin
PATH: /usr/bin
PATH: /sbin
PATH: /bin
PATH: /usr/games
PATH: /usr/local/games
PATH: /snap/bin


## ----------- ##
## Core tests. ##
## ----------- ##

configure:2399: checking for a BSD-compatible install
configure:2467: result: /usr/bin/install -c
configure:2478: checking whether build environment is sane
configure:2533: result: yes
configure:2684: checking for a thread-safe mkdir -p
configure:2723: result: /bin/mkdir -p
configure:2730: checking for gawk
configure:2760: result: no
configure:2730: checking for mawk
configure:2746: found /usr/bin/mawk
configure:2757: result: mawk
configure:2768: checking whether make sets $(MAKE)
configure:2790: result: yes
configure:2819: checking whether make supports nested variables
configure:2836: result: yes
configure:2965: WARNING: Libtool does not cope well with whitespace in `pwd`
configure:2992: checking build system type
configure:3006: result: x86_64-unknown-linux-gnu
configure:3026: checking host system type
configure:3039: result: x86_64-unknown-linux-gnu
configure:3080: checking how to print strings
configure:3107: result: printf
configure:3140: checking for style of include used by make
configure:3168: result: GNU
configure:3239: checking for gcc
configure:3255: found /usr/bin/gcc
configure:3266: result: gcc
configure:3495: checking for C compiler version
configure:3504: gcc --version >&5
gcc (Ubuntu 5.4.0-6ubuntu1~16.04.5) 5.4.0 20160609
Copyright (C) 2015 Free Software Foundation, Inc.
This is free software; see the source for copying conditions.  There is NO
warranty; not even for MERCHANTABILITY or FITNESS FOR A PARTICULAR PURPOSE.

configure:3515: $? = 0
configure:3504: gcc -v >&5
Using built-in specs.
COLLECT_GCC=gcc
COLLECT_LTO_WRAPPER=/usr/lib/gcc/x86_64-linux-gnu/5/lto-wrapper
Target: x86_64-linux-gnu
Configured with: ../src/configure -v --with-pkgversion='Ubuntu 5.4.0-6ubuntu1~16.04.5' --with-bugurl=file:///usr/share/doc/gcc-5/README.Bugs --enable-languages=c,ada,c++,java,go,d,fortran,objc,obj-c++ --prefix=/usr --program-suffix=-5 --enable-shared --enable-linker-build-id --libexecdir=/usr/lib --without-included-gettext --enable-threads=posix --libdir=/usr/lib --enable-nls --with-sysroot=/ --enable-clocale=gnu --enable-libstdcxx-debug --enable-libstdcxx-time=yes --with-default-libstdcxx-abi=new --enable-gnu-unique-object --disable-vtable-verify --enable-libmpx --enable-plugin --with-system-zlib --disable-browser-plugin --enable-java-awt=gtk --enable-gtk-cairo --with-java-home=/usr/lib/jvm/java-1.5.0-gcj-5-amd64/jre --enable-java-home --with-jvm-root-dir=/usr/lib/jvm/java-1.5.0-gcj-5-amd64 --with-jvm-jar-dir=/usr/lib/jvm-exports/java-1.5.0-gcj-5-amd64 --with-arch-directory=amd64 --with-ecj-jar=/usr/share/java/eclipse-ecj.jar --enable-objc-gc --enable-multiarch --disable-werror --with-arch-32=i686 --with-abi=m64 --with-multilib-list=m32,m64,mx32 --enable-multilib --with-tune=generic --enable-checking=release --build=x86_64-linux-gnu --host=x86_64-linux-gnu --target=x86_64-linux-gnu
Thread model: posix
gcc version 5.4.0 20160609 (Ubuntu 5.4.0-6ubuntu1~16.04.5) 
configure:3515: $? = 0
configure:3504: gcc -V >&5
gcc: error: unrecognized command line option '-V'
gcc: fatal error: no input files
compilation terminated.
configure:3515: $? = 1
configure:3504: gcc -qversion >&5
gcc: error: unrecognized command line option '-qversion'
gcc: fatal error: no input files
compilation terminated.
configure:3515: $? = 1
configure:3535: checking whether the C compiler works
configure:3557: gcc    conftest.c  >&5
configure:3561: $? = 0
configure:3609: result: yes
configure:3612: checking for C compiler default output file name
configure:3614: result: a.out
configure:3620: checking for suffix of executables
configure:3627: gcc -o conftest    conftest.c  >&5
configure:3631: $? = 0
configure:3653: result: 
configure:3675: checking whether we are cross compiling
configure:3683: gcc -o conftest    conftest.c  >&5
configure:3687: $? = 0
configure:3694: ./conftest
configure:3698: $? = 0
configure:3713: result: no
configure:3718: checking for suffix of object files
configure:3740: gcc -c   conftest.c >&5
configure:3744: $? = 0
configure:3765: result: o
configure:3769: checking whether we are using the GNU C compiler
configure:3788: gcc -c   conftest.c >&5
configure:3788: $? = 0
configure:3797: result: yes
configure:3806: checking whether gcc accepts -g
configure:3826: gcc -c -g  conftest.c >&5
configure:3826: $? = 0
configure:3867: result: yes
configure:3884: checking for gcc option to accept ISO C89
configure:3947: gcc  -c -g -O2  conftest.c >&5
configure:3947: $? = 0
configure:3960: result: none needed
configure:3985: checking whether gcc understands -c and -o together
configure:4007: gcc -c conftest.c -o conftest2.o
configure:4010: $? = 0
configure:4007: gcc -c conftest.c -o conftest2.o
configure:4010: $? = 0
configure:4022: result: yes
configure:4041: checking dependency style of gcc
configure:4152: result: gcc3
configure:4167: checking for a sed that does not truncate output
configure:4231: result: /bin/sed
configure:4249: checking for grep that handles long lines and -e
configure:4307: result: /bin/grep
configure:4312: checking for egrep
configure:4374: result: /bin/grep -E
configure:4379: checking for fgrep
configure:4441: result: /bin/grep -F
configure:4476: checking for ld used by gcc
configure:4543: result: /usr/bin/ld
configure:4550: checking if the linker (/usr/bin/ld) is GNU ld
configure:4565: result: yes
configure:4577: checking for BSD- or MS-compatible name lister (nm)
configure:4626: result: /usr/bin/nm -B
configure:4756: checking the name lister (/usr/bin/nm -B) interface
configure:4763: gcc -c -g -O2  conftest.c >&5
configure:4766: /usr/bin/nm -B "conftest.o"
configure:4769: output
0000000000000000 B some_variable
configure:4776: result: BSD nm
configure:4779: checking whether ln -s works
configure:4783: result: yes
configure:4791: checking the maximum length of command line arguments
configure:4922: result: 1572864
configure:4939: checking whether the shell understands some XSI constructs
configure:4949: result: yes
configure:4953: checking whether the shell understands "+="
configure:4959: result: yes
configure:4994: checking how to convert x86_64-unknown-linux-gnu file names to x86_64-unknown-linux-gnu format
configure:5034: result: func_convert_file_noop
configure:5041: checking how to convert x86_64-unknown-linux-gnu file names to toolchain format
configure:5061: result: func_convert_file_noop
configure:5068: checking for /usr/bin/ld option to reload object files
configure:5075: result: -r
configure:5149: checking for objdump
configure:5165: found /usr/bin/objdump
configure:5176: result: objdump
configure:5208: checking how to recognize dependent libraries
configure:5406: result: pass_all
configure:5491: checking for dlltool
configure:5521: result: no
configure:5551: checking how to associate runtime and link libraries
configure:5578: result: printf %s\n
configure:5639: checking for ar
configure:5655: found /usr/bin/ar
configure:5666: result: ar
configure:5703: checking for archiver @FILE support
configure:5720: gcc -c -g -O2  conftest.c >&5
configure:5720: $? = 0
configure:5723: ar cru libconftest.a @conftest.lst >&5
ar: `u' modifier ignored since `D' is the default (see `U')
configure:5726: $? = 0
configure:5731: ar cru libconftest.a @conftest.lst >&5
ar: `u' modifier ignored since `D' is the default (see `U')
ar: conftest.o: No such file or directory
configure:5734: $? = 1
configure:5746: result: @
configure:5804: checking for strip
configure:5820: found /usr/bin/strip
configure:5831: result: strip
configure:5903: checking for ranlib
configure:5919: found /usr/bin/ranlib
configure:5930: result: ranlib
configure:6032: checking command to parse /usr/bin/nm -B output from gcc object
configure:6152: gcc -c -g -O2  conftest.c >&5
configure:6155: $? = 0
configure:6159: /usr/bin/nm -B conftest.o \| sed -n -e 's/^.*[ ]\([ABCDGIRSTW][ABCDGIRSTW]*\)[ ][ ]*\([_A-Za-z][_A-Za-z0-9]*\)$/\1 \2 \2/p' | sed '/ __gnu_lto/d' \> conftest.nm
configure:6162: $? = 0
configure:6228: gcc -o conftest -g -O2   conftest.c conftstm.o >&5
configure:6231: $? = 0
configure:6269: result: ok
configure:6306: checking for sysroot
configure:6336: result: no
configure:6413: gcc -c -g -O2  conftest.c >&5
configure:6416: $? = 0
configure:6605: checking for mt
configure:6621: found /bin/mt
configure:6632: result: mt
configure:6655: checking if mt is a manifest tool
configure:6661: mt '-?'
configure:6669: result: no
configure:7311: checking how to run the C preprocessor
configure:7342: gcc -E  conftest.c
configure:7342: $? = 0
configure:7356: gcc -E  conftest.c
conftest.c:11:28: fatal error: ac_nonexistent.h: No such file or directory
compilation terminated.
configure:7356: $? = 1
configure: failed program was:
| /* confdefs.h */
| #define PACKAGE_NAME "INF2610-LAB3"
| #define PACKAGE_TARNAME "inf2610-lab3"
| #define PACKAGE_VERSION "2.5"
| #define PACKAGE_STRING "INF2610-LAB3 2.5"
| #define PACKAGE_BUGREPORT ""
| #define PACKAGE_URL ""
| #define PACKAGE "inf2610-lab3"
| #define VERSION "2.5"
| /* end confdefs.h.  */
| #include <ac_nonexistent.h>
configure:7381: result: gcc -E
configure:7401: gcc -E  conftest.c
configure:7401: $? = 0
configure:7415: gcc -E  conftest.c
conftest.c:11:28: fatal error: ac_nonexistent.h: No such file or directory
compilation terminated.
configure:7415: $? = 1
configure: failed program was:
| /* confdefs.h */
| #define PACKAGE_NAME "INF2610-LAB3"
| #define PACKAGE_TARNAME "inf2610-lab3"
| #define PACKAGE_VERSION "2.5"
| #define PACKAGE_STRING "INF2610-LAB3 2.5"
| #define PACKAGE_BUGREPORT ""
| #define PACKAGE_URL ""
| #define PACKAGE "inf2610-lab3"
| #define VERSION "2.5"
| /* end confdefs.h.  */
| #include <ac_nonexistent.h>
configure:7444: checking for ANSI C header files
configure:7464: gcc -c -g -O2  conftest.c >&5
configure:7464: $? = 0
configure:7537: gcc -o conftest -g -O2   conftest.c  >&5
configure:7537: $? = 0
configure:7537: ./conftest
configure:7537: $? = 0
configure:7548: result: yes
configure:7561: checking for sys/types.h
configure:7561: gcc -c -g -O2  conftest.c >&5
configure:7561: $? = 0
configure:7561: result: yes
configure:7561: checking for sys/stat.h
configure:7561: gcc -c -g -O2  conftest.c >&5
configure:7561: $? = 0
configure:7561: result: yes
configure:7561: checking for stdlib.h
configure:7561: gcc -c -g -O2  conftest.c >&5
configure:7561: $? = 0
configure:7561: result: yes
configure:7561: checking for string.h
configure:7561: gcc -c -g -O2  conftest.c >&5
configure:7561: $? = 0
configure:7561: result: yes
configure:7561: checking for memory.h
configure:7561: gcc -c -g -O2  conftest.c >&5
configure:7561: $? = 0
configure:7561: result: yes
configure:7561: checking for strings.h
configure:7561: gcc -c -g -O2  conftest.c >&5
configure:7561: $? = 0
configure:7561: result: yes
configure:7561: checking for inttypes.h
configure:7561: gcc -c -g -O2  conftest.c >&5
configure:7561: $? = 0
configure:7561: result: yes
configure:7561: checking for stdint.h
configure:7561: gcc -c -g -O2  conftest.c >&5
configure:7561: $? = 0
configure:7561: result: yes
configure:7561: checking for unistd.h
configure:7561: gcc -c -g -O2  conftest.c >&5
configure:7561: $? = 0
configure:7561: result: yes
configure:7575: checking for dlfcn.h
configure:7575: gcc -c -g -O2  conftest.c >&5
configure:7575: $? = 0
configure:7575: result: yes
configure:7781: checking for objdir
configure:7796: result: .libs
configure:8067: checking if gcc supports -fno-rtti -fno-exceptions
configure:8085: gcc -c -g -O2  -fno-rtti -fno-exceptions conftest.c >&5
cc1: warning: command line option '-fno-rtti' is valid for C++/ObjC++ but not for C
configure:8089: $? = 0
configure:8102: result: no
configure:8429: checking for gcc option to produce PIC
configure:8436: result: -fPIC -DPIC
configure:8444: checking if gcc PIC flag -fPIC -DPIC works
configure:8462: gcc -c -g -O2  -fPIC -DPIC -DPIC conftest.c >&5
configure:8466: $? = 0
configure:8479: result: yes
configure:8508: checking if gcc static flag -static works
configure:8536: result: yes
configure:8551: checking if gcc supports -c -o file.o
configure:8572: gcc -c -g -O2  -o out/conftest2.o conftest.c >&5
configure:8576: $? = 0
configure:8598: result: yes
configure:8606: checking if gcc supports -c -o file.o
configure:8653: result: yes
configure:8686: checking whether the gcc linker (/usr/bin/ld -m elf_x86_64) supports shared libraries
configure:9843: result: yes
configure:9880: checking whether -lc should be explicitly linked in
configure:9888: gcc -c -g -O2  conftest.c >&5
configure:9891: $? = 0
configure:9906: gcc -shared  -fPIC -DPIC conftest.o  -v -Wl,-soname -Wl,conftest -o conftest 2\>\&1 \| /bin/grep  -lc  \>/dev/null 2\>\&1
configure:9909: $? = 0
configure:9923: result: no
configure:10083: checking dynamic linker characteristics
configure:10583: gcc -o conftest -g -O2   -Wl,-rpath -Wl,/foo conftest.c  >&5
configure:10583: $? = 0
configure:10817: result: GNU/Linux ld.so
configure:10924: checking how to hardcode library paths into programs
configure:10949: result: immediate
configure:11489: checking whether stripping libraries is possible
configure:11494: result: yes
configure:11529: checking if libtool supports shared libraries
configure:11531: result: yes
configure:11534: checking whether to build shared libraries
configure:11555: result: yes
configure:11558: checking whether to build static libraries
configure:11562: result: yes
configure:11603: checking for sys/types.h
configure:11603: result: yes
configure:11603: checking for unistd.h
configure:11603: result: yes
configure:11603: checking fcntl.h usability
configure:11603: gcc -c -g -O2  conftest.c >&5
configure:11603: $? = 0
configure:11603: result: yes
configure:11603: checking fcntl.h presence
configure:11603: gcc -E  conftest.c
configure:11603: $? = 0
configure:11603: result: yes
configure:11603: checking for fcntl.h
configure:11603: result: yes
configure:11603: checking for strings.h
configure:11603: result: yes
configure:11603: checking pthread.h usability
configure:11603: gcc -c -g -O2  conftest.c >&5
configure:11603: $? = 0
configure:11603: result: yes
configure:11603: checking pthread.h presence
configure:11603: gcc -E  conftest.c
configure:11603: $? = 0
configure:11603: result: yes
configure:11603: checking for pthread.h
configure:11603: result: yes
configure:11603: checking time.h usability
configure:11603: gcc -c -g -O2  conftest.c >&5
configure:11603: $? = 0
configure:11603: result: yes
configure:11603: checking time.h presence
configure:11603: gcc -E  conftest.c
configure:11603: $? = 0
configure:11603: result: yes
configure:11603: checking for time.h
configure:11603: result: yes
configure:11603: checking errno.h usability
configure:11603: gcc -c -g -O2  conftest.c >&5
configure:11603: $? = 0
configure:11603: result: yes
configure:11603: checking errno.h presence
configure:11603: gcc -E  conftest.c
configure:11603: $? = 0
configure:11603: result: yes
configure:11603: checking for errno.h
configure:11603: result: yes
configure:11603: checking stdarg.h usability
configure:11603: gcc -c -g -O2  conftest.c >&5
configure:11603: $? = 0
configure:11603: result: yes
configure:11603: checking stdarg.h presence
configure:11603: gcc -E  conftest.c
configure:11603: $? = 0
configure:11603: result: yes
configure:11603: checking for stdarg.h
configure:11603: result: yes
configure:11603: checking limits.h usability
configure:11603: gcc -c -g -O2  conftest.c >&5
configure:11603: $? = 0
configure:11603: result: yes
configure:11603: checking limits.h presence
configure:11603: gcc -E  conftest.c
configure:11603: $? = 0
configure:11603: result: yes
configure:11603: checking for limits.h
configure:11603: result: yes
configure:11603: checking signal.h usability
configure:11603: gcc -c -g -O2  conftest.c >&5
configure:11603: $? = 0
configure:11603: result: yes
configure:11603: checking signal.h presence
configure:11603: gcc -E  conftest.c
configure:11603: $? = 0
configure:11603: result: yes
configure:11603: checking for signal.h
configure:11603: result: yes
configure:11603: checking for stdlib.h
configure:11603: result: yes
configure:11616: checking for inttypes.h
configure:11616: result: yes
configure:11616: checking math.h usability
configure:11616: gcc -c -g -O2  conftest.c >&5
configure:11616: $? = 0
configure:11616: result: yes
configure:11616: checking math.h presence
configure:11616: gcc -E  conftest.c
configure:11616: $? = 0
configure:11616: result: yes
configure:11616: checking for math.h
configure:11616: result: yes
configure:11626: checking for pthread_create in -lpthread
configure:11651: gcc -o conftest -g -O2   conftest.c -lpthread   >&5
configure:11651: $? = 0
configure:11660: result: yes
configure:11674: checking whether to enable debug mode
configure:11693: result: no
configure:11712: checking whether make supports nested variables
configure:11729: result: yes
configure:11747: checking for nasm
configure:11763: found /usr/bin/nasm
configure:11774: result: nasm
configure:11787: checking for object file format of host system
configure:11861: result: ELF64
configure:11869: checking for object file format specifier (NAFLAGS) 
configure:11884: result: -felf64 -DELF -D__x86_64__
configure:11888: checking whether the assembler (nasm -felf64 -DELF -D__x86_64__) works
configure:11899: nasm -felf64 -DELF -D__x86_64__ -o conftest.o conftest.asm
configure:11902: $? = 0
configure:11904: result: yes
configure:11915: checking whether the linker accepts assembler output
configure:11918: gcc -o conftest  conftest.o -lpthread  1>&5
configure:11921: $? = 0
configure:11924: result: yes
configure:11983: checking for gcc
configure:12010: result: gcc
configure:12239: checking for C compiler version
configure:12248: gcc --version >&5
gcc (Ubuntu 5.4.0-6ubuntu1~16.04.5) 5.4.0 20160609
Copyright (C) 2015 Free Software Foundation, Inc.
This is free software; see the source for copying conditions.  There is NO
warranty; not even for MERCHANTABILITY or FITNESS FOR A PARTICULAR PURPOSE.

configure:12259: $? = 0
configure:12248: gcc -v >&5
Using built-in specs.
COLLECT_GCC=gcc
COLLECT_LTO_WRAPPER=/usr/lib/gcc/x86_64-linux-gnu/5/lto-wrapper
Target: x86_64-linux-gnu
Configured with: ../src/configure -v --with-pkgversion='Ubuntu 5.4.0-6ubuntu1~16.04.5' --with-bugurl=file:///usr/share/doc/gcc-5/README.Bugs --enable-languages=c,ada,c++,java,go,d,fortran,objc,obj-c++ --prefix=/usr --program-suffix=-5 --enable-shared --enable-linker-build-id --libexecdir=/usr/lib --without-included-gettext --enable-threads=posix --libdir=/usr/lib --enable-nls --with-sysroot=/ --enable-clocale=gnu --enable-libstdcxx-debug --enable-libstdcxx-time=yes --with-default-libstdcxx-abi=new --enable-gnu-unique-object --disable-vtable-verify --enable-libmpx --enable-plugin --with-system-zlib --disable-browser-plugin --enable-java-awt=gtk --enable-gtk-cairo --with-java-home=/usr/lib/jvm/java-1.5.0-gcj-5-amd64/jre --enable-java-home --with-jvm-root-dir=/usr/lib/jvm/java-1.5.0-gcj-5-amd64 --with-jvm-jar-dir=/usr/lib/jvm-exports/java-1.5.0-gcj-5-amd64 --with-arch-directory=amd64 --with-ecj-jar=/usr/share/java/eclipse-ecj.jar --enable-objc-gc --enable-multiarch --disable-werror --with-arch-32=i686 --with-abi=m64 --with-multilib-list=m32,m64,mx32 --enable-multilib --with-tune=generic --enable-checking=release --build=x86_64-linux-gnu --host=x86_64-linux-gnu --target=x86_64-linux-gnu
Thread model: posix
gcc version 5.4.0 20160609 (Ubuntu 5.4.0-6ubuntu1~16.04.5) 
configure:12259: $? = 0
configure:12248: gcc -V >&5
gcc: error: unrecognized command line option '-V'
gcc: fatal error: no input files
compilation terminated.
configure:12259: $? = 1
configure:12248: gcc -qversion >&5
gcc: error: unrecognized command line option '-qversion'
gcc: fatal error: no input files
compilation terminated.
configure:12259: $? = 1
configure:12263: checking whether we are using the GNU C compiler
configure:12291: result: yes
configure:12300: checking whether gcc accepts -g
configure:12361: result: yes
configure:12378: checking for gcc option to accept ISO C89
configure:12454: result: none needed
configure:12479: checking whether gcc understands -c and -o together
configure:12516: result: yes
configure:12535: checking dependency style of gcc
configure:12646: result: gcc3
configure:12719: checking for g++
configure:12735: found /usr/bin/g++
configure:12746: result: g++
configure:12773: checking for C++ compiler version
configure:12782: g++ --version >&5
g++ (Ubuntu 5.4.0-6ubuntu1~16.04.5) 5.4.0 20160609
Copyright (C) 2015 Free Software Foundation, Inc.
This is free software; see the source for copying conditions.  There is NO
warranty; not even for MERCHANTABILITY or FITNESS FOR A PARTICULAR PURPOSE.

configure:12793: $? = 0
configure:12782: g++ -v >&5
Using built-in specs.
COLLECT_GCC=g++
COLLECT_LTO_WRAPPER=/usr/lib/gcc/x86_64-linux-gnu/5/lto-wrapper
Target: x86_64-linux-gnu
Configured with: ../src/configure -v --with-pkgversion='Ubuntu 5.4.0-6ubuntu1~16.04.5' --with-bugurl=file:///usr/share/doc/gcc-5/README.Bugs --enable-languages=c,ada,c++,java,go,d,fortran,objc,obj-c++ --prefix=/usr --program-suffix=-5 --enable-shared --enable-linker-build-id --libexecdir=/usr/lib --without-included-gettext --enable-threads=posix --libdir=/usr/lib --enable-nls --with-sysroot=/ --enable-clocale=gnu --enable-libstdcxx-debug --enable-libstdcxx-time=yes --with-default-libstdcxx-abi=new --enable-gnu-unique-object --disable-vtable-verify --enable-libmpx --enable-plugin --with-system-zlib --disable-browser-plugin --enable-java-awt=gtk --enable-gtk-cairo --with-java-home=/usr/lib/jvm/java-1.5.0-gcj-5-amd64/jre --enable-java-home --with-jvm-root-dir=/usr/lib/jvm/java-1.5.0-gcj-5-amd64 --with-jvm-jar-dir=/usr/lib/jvm-exports/java-1.5.0-gcj-5-amd64 --with-arch-directory=amd64 --with-ecj-jar=/usr/share/java/eclipse-ecj.jar --enable-objc-gc --enable-multiarch --disable-werror --with-arch-32=i686 --with-abi=m64 --with-multilib-list=m32,m64,mx32 --enable-multilib --with-tune=generic --enable-checking=release --build=x86_64-linux-gnu --host=x86_64-linux-gnu --target=x86_64-linux-gnu
Thread model: posix
gcc version 5.4.0 20160609 (Ubuntu 5.4.0-6ubuntu1~16.04.5) 
configure:12793: $? = 0
configure:12782: g++ -V >&5
g++: error: unrecognized command line option '-V'
g++: fatal error: no input files
compilation terminated.
configure:12793: $? = 1
configure:12782: g++ -qversion >&5
g++: error: unrecognized command line option '-qversion'
g++: fatal error: no input files
compilation terminated.
configure:12793: $? = 1
configure:12797: checking whether we are using the GNU C++ compiler
configure:12816: g++ -c -Wall -O3 -fomit-frame-pointer -std=c++0x  conftest.cpp >&5
configure:12816: $? = 0
configure:12825: result: yes
configure:12834: checking whether g++ accepts -g
configure:12854: g++ -c -g  conftest.cpp >&5
configure:12854: $? = 0
configure:12895: result: yes
configure:12920: checking dependency style of g++
configure:13031: result: gcc3
configure:13064: checking how to run the C++ preprocessor
configure:13091: g++ -E  conftest.cpp
configure:13091: $? = 0
configure:13105: g++ -E  conftest.cpp
conftest.cpp:37:28: fatal error: ac_nonexistent.h: No such file or directory
compilation terminated.
configure:13105: $? = 1
configure: failed program was:
| /* confdefs.h */
| #define PACKAGE_NAME "INF2610-LAB3"
| #define PACKAGE_TARNAME "inf2610-lab3"
| #define PACKAGE_VERSION "2.5"
| #define PACKAGE_STRING "INF2610-LAB3 2.5"
| #define PACKAGE_BUGREPORT ""
| #define PACKAGE_URL ""
| #define PACKAGE "inf2610-lab3"
| #define VERSION "2.5"
| #define STDC_HEADERS 1
| #define HAVE_SYS_TYPES_H 1
| #define HAVE_SYS_STAT_H 1
| #define HAVE_STDLIB_H 1
| #define HAVE_STRING_H 1
| #define HAVE_MEMORY_H 1
| #define HAVE_STRINGS_H 1
| #define HAVE_INTTYPES_H 1
| #define HAVE_STDINT_H 1
| #define HAVE_UNISTD_H 1
| #define HAVE_DLFCN_H 1
| #define LT_OBJDIR ".libs/"
| #define HAVE_SYS_TYPES_H 1
| #define HAVE_UNISTD_H 1
| #define HAVE_FCNTL_H 1
| #define HAVE_STRINGS_H 1
| #define HAVE_PTHREAD_H 1
| #define HAVE_TIME_H 1
| #define HAVE_ERRNO_H 1
| #define HAVE_STDARG_H 1
| #define HAVE_LIMITS_H 1
| #define HAVE_SIGNAL_H 1
| #define HAVE_STDLIB_H 1
| #define HAVE_INTTYPES_H 1
| #define HAVE_MATH_H 1
| #define HAVE_LIBPTHREAD 1
| /* end confdefs.h.  */
| #include <ac_nonexistent.h>
configure:13130: result: g++ -E
configure:13150: g++ -E  conftest.cpp
configure:13150: $? = 0
configure:13164: g++ -E  conftest.cpp
conftest.cpp:37:28: fatal error: ac_nonexistent.h: No such file or directory
compilation terminated.
configure:13164: $? = 1
configure: failed program was:
| /* confdefs.h */
| #define PACKAGE_NAME "INF2610-LAB3"
| #define PACKAGE_TARNAME "inf2610-lab3"
| #define PACKAGE_VERSION "2.5"
| #define PACKAGE_STRING "INF2610-LAB3 2.5"
| #define PACKAGE_BUGREPORT ""
| #define PACKAGE_URL ""
| #define PACKAGE "inf2610-lab3"
| #define VERSION "2.5"
| #define STDC_HEADERS 1
| #define HAVE_SYS_TYPES_H 1
| #define HAVE_SYS_STAT_H 1
| #define HAVE_STDLIB_H 1
| #define HAVE_STRING_H 1
| #define HAVE_MEMORY_H 1
| #define HAVE_STRINGS_H 1
| #define HAVE_INTTYPES_H 1
| #define HAVE_STDINT_H 1
| #define HAVE_UNISTD_H 1
| #define HAVE_DLFCN_H 1
| #define LT_OBJDIR ".libs/"
| #define HAVE_SYS_TYPES_H 1
| #define HAVE_UNISTD_H 1
| #define HAVE_FCNTL_H 1
| #define HAVE_STRINGS_H 1
| #define HAVE_PTHREAD_H 1
| #define HAVE_TIME_H 1
| #define HAVE_ERRNO_H 1
| #define HAVE_STDARG_H 1
| #define HAVE_LIMITS_H 1
| #define HAVE_SIGNAL_H 1
| #define HAVE_STDLIB_H 1
| #define HAVE_INTTYPES_H 1
| #define HAVE_MATH_H 1
| #define HAVE_LIBPTHREAD 1
| /* end confdefs.h.  */
| #include <ac_nonexistent.h>
configure:13333: checking for ld used by g++
configure:13400: result: /usr/bin/ld -m elf_x86_64
configure:13407: checking if the linker (/usr/bin/ld -m elf_x86_64) is GNU ld
configure:13422: result: yes
configure:13477: checking whether the g++ linker (/usr/bin/ld -m elf_x86_64) supports shared libraries
configure:14479: result: yes
configure:14515: g++ -c -Wall -O3 -fomit-frame-pointer -std=c++0x  conftest.cpp >&5
configure:14518: $? = 0
configure:15038: checking for g++ option to produce PIC
configure:15045: result: -fPIC -DPIC
configure:15053: checking if g++ PIC flag -fPIC -DPIC works
configure:15071: g++ -c -Wall -O3 -fomit-frame-pointer -std=c++0x  -fPIC -DPIC -DPIC conftest.cpp >&5
configure:15075: $? = 0
configure:15088: result: yes
configure:15111: checking if g++ static flag -static works
configure:15139: result: yes
configure:15151: checking if g++ supports -c -o file.o
configure:15172: g++ -c -Wall -O3 -fomit-frame-pointer -std=c++0x  -o out/conftest2.o conftest.cpp >&5
configure:15176: $? = 0
configure:15198: result: yes
configure:15203: checking if g++ supports -c -o file.o
configure:15250: result: yes
configure:15280: checking whether the g++ linker (/usr/bin/ld -m elf_x86_64) supports shared libraries
configure:15319: result: yes
configure:15460: checking dynamic linker characteristics
configure:16128: result: GNU/Linux ld.so
configure:16181: checking how to hardcode library paths into programs
configure:16206: result: immediate
configure:16290: checking for ranlib
configure:16317: result: ranlib
configure:16449: checking that generated files are newer than configure
configure:16455: result: done
configure:16486: creating ./config.status

## ---------------- ##
## Cache variables. ##
## ---------------- ##

ac_cv_build=x86_64-unknown-linux-gnu
ac_cv_c_compiler_gnu=yes
ac_cv_cxx_compiler_gnu=yes
ac_cv_env_CCC_set=
ac_cv_env_CCC_value=
ac_cv_env_CC_set=
ac_cv_env_CC_value=
ac_cv_env_CFLAGS_set=
ac_cv_env_CFLAGS_value=
ac_cv_env_CPPFLAGS_set=
ac_cv_env_CPPFLAGS_value=
ac_cv_env_CPP_set=
ac_cv_env_CPP_value=
ac_cv_env_CXXCPP_set=
ac_cv_env_CXXCPP_value=
ac_cv_env_CXXFLAGS_set=
ac_cv_env_CXXFLAGS_value=
ac_cv_env_CXX_set=
ac_cv_env_CXX_value=
ac_cv_env_LDFLAGS_set=
ac_cv_env_LDFLAGS_value=
ac_cv_env_LIBS_set=
ac_cv_env_LIBS_value=
ac_cv_env_build_alias_set=
ac_cv_env_build_alias_value=
ac_cv_env_host_alias_set=
ac_cv_env_host_alias_value=
ac_cv_env_target_alias_set=
ac_cv_env_target_alias_value=
ac_cv_header_dlfcn_h=yes
ac_cv_header_errno_h=yes
ac_cv_header_fcntl_h=yes
ac_cv_header_inttypes_h=yes
ac_cv_header_limits_h=yes
ac_cv_header_math_h=yes
ac_cv_header_memory_h=yes
ac_cv_header_pthread_h=yes
ac_cv_header_signal_h=yes
ac_cv_header_stdarg_h=yes
ac_cv_header_stdc=yes
ac_cv_header_stdint_h=yes
ac_cv_header_stdlib_h=yes
ac_cv_header_string_h=yes
ac_cv_header_strings_h=yes
ac_cv_header_sys_stat_h=yes
ac_cv_header_sys_types_h=yes
ac_cv_header_time_h=yes
ac_cv_header_unistd_h=yes
ac_cv_host=x86_64-unknown-linux-gnu
ac_cv_lib_pthread_pthread_create=yes
ac_cv_objext=o
ac_cv_path_EGREP='/bin/grep -E'
ac_cv_path_FGREP='/bin/grep -F'
ac_cv_path_GREP=/bin/grep
ac_cv_path_SED=/bin/sed
ac_cv_path_install='/usr/bin/install -c'
ac_cv_path_mkdir=/bin/mkdir
ac_cv_prog_AWK=mawk
ac_cv_prog_CPP='gcc -E'
ac_cv_prog_CXXCPP='g++ -E'
ac_cv_prog_NASM=nasm
ac_cv_prog_ac_ct_AR=ar
ac_cv_prog_ac_ct_CC=gcc
ac_cv_prog_ac_ct_CXX=g++
ac_cv_prog_ac_ct_MANIFEST_TOOL=mt
ac_cv_prog_ac_ct_OBJDUMP=objdump
ac_cv_prog_ac_ct_RANLIB=ranlib
ac_cv_prog_ac_ct_STRIP=strip
ac_cv_prog_cc_c89=
ac_cv_prog_cc_g=yes
ac_cv_prog_cxx_g=yes
ac_cv_prog_make_make_set=yes
am_cv_CC_dependencies_compiler_type=gcc3
am_cv_CXX_dependencies_compiler_type=gcc3
am_cv_make_support_nested_variables=yes
am_cv_prog_cc_c_o=yes
lt_cv_ar_at_file=@
lt_cv_archive_cmds_need_lc=no
lt_cv_deplibs_check_method=pass_all
lt_cv_file_magic_cmd='$MAGIC_CMD'
lt_cv_file_magic_test_file=
lt_cv_ld_reload_flag=-r
lt_cv_nm_interface='BSD nm'
lt_cv_objdir=.libs
lt_cv_path_LD=/usr/bin/ld
lt_cv_path_LDCXX='/usr/bin/ld -m elf_x86_64'
lt_cv_path_NM='/usr/bin/nm -B'
lt_cv_path_mainfest_tool=no
lt_cv_prog_compiler_c_o=yes
lt_cv_prog_compiler_c_o_CXX=yes
lt_cv_prog_compiler_pic='-fPIC -DPIC'
lt_cv_prog_compiler_pic_CXX='-fPIC -DPIC'
lt_cv_prog_compiler_pic_works=yes
lt_cv_prog_compiler_pic_works_CXX=yes
lt_cv_prog_compiler_rtti_exceptions=no
lt_cv_prog_compiler_static_works=yes
lt_cv_prog_compiler_static_works_CXX=yes
lt_cv_prog_gnu_ld=yes
lt_cv_prog_gnu_ldcxx=yes
lt_cv_sharedlib_from_linklib_cmd='printf %s\n'
lt_cv_shlibpath_overrides_runpath=no
lt_cv_sys_global_symbol_pipe='sed -n -e '\''s/^.*[	 ]\([ABCDGIRSTW][ABCDGIRSTW]*\)[	 ][	 ]*\([_A-Za-z][_A-Za-z0-9]*\)$/\1 \2 \2/p'\'' | sed '\''/ __gnu_lto/d'\'''
lt_cv_sys_global_symbol_to_c_name_address='sed -n -e '\''s/^: \([^ ]*\)[ ]*$/  {\"\1\", (void *) 0},/p'\'' -e '\''s/^[ABCDGIRSTW]* \([^ ]*\) \([^ ]*\)$/  {"\2", (void *) \&\2},/p'\'''
lt_cv_sys_global_symbol_to_c_name_address_lib_prefix='sed -n -e '\''s/^: \([^ ]*\)[ ]*$/  {\"\1\", (void *) 0},/p'\'' -e '\''s/^[ABCDGIRSTW]* \([^ ]*\) \(lib[^ ]*\)$/  {"\2", (void *) \&\2},/p'\'' -e '\''s/^[ABCDGIRSTW]* \([^ ]*\) \([^ ]*\)$/  {"lib\2", (void *) \&\2},/p'\'''
lt_cv_sys_global_symbol_to_cdecl='sed -n -e '\''s/^T .* \(.*\)$/extern int \1();/p'\'' -e '\''s/^[ABCDGIRSTW]* .* \(.*\)$/extern char \1;/p'\'''
lt_cv_sys_max_cmd_len=1572864
lt_cv_to_host_file_cmd=func_convert_file_noop
lt_cv_to_tool_file_cmd=func_convert_file_noop

## ----------------- ##
## Output variables. ##
## ----------------- ##

ACLOCAL='${SHELL} "/home/joger/Bureau/INF2610 Remise TP3/INF1600/TP3/inf2610-lab4-2.5/missing" aclocal-1.15'
AMDEPBACKSLASH='\'
AMDEP_FALSE='#'
AMDEP_TRUE=''
AMTAR='$${TAR-tar}'
AM_BACKSLASH='\'
AM_DEFAULT_V='$(AM_DEFAULT_VERBOSITY)'
AM_DEFAULT_VERBOSITY='0'
AM_V='$(V)'
AR='ar'
AUTOCONF='${SHELL} "/home/joger/Bureau/INF2610 Remise TP3/INF1600/TP3/inf2610-lab4-2.5/missing" autoconf'
AUTOHEADER='${SHELL} "/home/joger/Bureau/INF2610 Remise TP3/INF1600/TP3/inf2610-lab4-2.5/missing" autoheader'
AUTOMAKE='${SHELL} "/home/joger/Bureau/INF2610 Remise TP3/INF1600/TP3/inf2610-lab4-2.5/missing" automake-1.15'
AWK='mawk'
CC='gcc'
CCDEPMODE='depmode=gcc3'
CFLAGS='-Wall -O3 -fomit-frame-pointer'
CPP='gcc -E'
CPPFLAGS=''
CXX='g++'
CXXCPP='g++ -E'
CXXDEPMODE='depmode=gcc3'
CXXFLAGS='-Wall -O3 -fomit-frame-pointer -std=c++0x'
CYGPATH_W='echo'
DEFS='-DHAVE_CONFIG_H'
DEPDIR='.deps'
DLLTOOL='false'
DSYMUTIL=''
DUMPBIN=''
ECHO_C=''
ECHO_N='-n'
ECHO_T=''
EGREP='/bin/grep -E'
EXEEXT=''
FGREP='/bin/grep -F'
GREP='/bin/grep'
INSTALL_DATA='${INSTALL} -m 644'
INSTALL_PROGRAM='${INSTALL}'
INSTALL_SCRIPT='${INSTALL}'
INSTALL_STRIP_PROGRAM='$(install_sh) -c -s'
LD='/usr/bin/ld -m elf_x86_64'
LDFLAGS=''
LIBOBJS=''
LIBS='-lpthread '
LIBTOOL='$(SHELL) $(top_builddir)/libtool'
LIPO=''
LN_S='ln -s'
LTLIBOBJS=''
MAKEINFO='${SHELL} "/home/joger/Bureau/INF2610 Remise TP3/INF1600/TP3/inf2610-lab4-2.5/missing" makeinfo'
MANIFEST_TOOL=':'
MKDIR_P='/bin/mkdir -p'
NAFLAGS='-felf64 -DELF -D__x86_64__'
NASM='nasm'
NM='/usr/bin/nm -B'
NMEDIT=''
OBJDUMP='objdump'
OBJEXT='o'
OTOOL64=''
OTOOL=''
PACKAGE='inf2610-lab3'
PACKAGE_BUGREPORT=''
PACKAGE_NAME='INF2610-LAB3'
PACKAGE_STRING='INF2610-LAB3 2.5'
PACKAGE_TARNAME='inf2610-lab3'
PACKAGE_URL=''
PACKAGE_VERSION='2.5'
PATH_SEPARATOR=':'
RANLIB='ranlib'
SED='/bin/sed'
SET_MAKE=''
SHELL='/bin/bash'
STRIP='strip'
VERSION='2.5'
ac_ct_AR='ar'
ac_ct_CC='gcc'
ac_ct_CXX='g++'
ac_ct_DUMPBIN=''
am__EXEEXT_FALSE=''
am__EXEEXT_TRUE='#'
am__fastdepCC_FALSE='#'
am__fastdepCC_TRUE=''
am__fastdepCXX_FALSE='#'
am__fastdepCXX_TRUE=''
am__include='include'
am__isrc=''
am__leading_dot='.'
am__nodep='_no'
am__quote=''
am__tar='$${TAR-tar} chof - "$$tardir"'
am__untar='$${TAR-tar} xf -'
bindir='${exec_prefix}/bin'
build='x86_64-unknown-linux-gnu'
build_alias=''
build_cpu='x86_64'
build_os='linux-gnu'
build_vendor='unknown'
datadir='${datarootdir}'
datarootdir='${prefix}/share'
docdir='${datarootdir}/doc/${PACKAGE_TARNAME}'
dvidir='${docdir}'
exec_prefix='${prefix}'
host='x86_64-unknown-linux-gnu'
host_alias=''
host_cpu='x86_64'
host_os='linux-gnu'
host_vendor='unknown'
htmldir='${docdir}'
includedir='${prefix}/include'
infodir='${datarootdir}/info'
install_sh='${SHELL} '\''/home/joger/Bureau/INF2610 Remise TP3/INF1600/TP3/inf2610-lab4-2.5/install-sh'\'''
libdir='${exec_prefix}/lib'
libexecdir='${exec_prefix}/libexec'
localedir='${datarootdir}/locale'
localstatedir='${prefix}/var'
mandir='${datarootdir}/man'
mkdir_p='$(MKDIR_P)'
oldincludedir='/usr/include'
pdfdir='${docdir}'
prefix='/usr/local'
program_transform_name='s,x,x,'
psdir='${docdir}'
runstatedir='${localstatedir}/run'
sbindir='${exec_prefix}/sbin'
sharedstatedir='${prefix}/com'
sysconfdir='${prefix}/etc'
target_alias=''

## ----------- ##
## confdefs.h. ##
## ----------- ##

/* confdefs.h */
#define PACKAGE_NAME "INF2610-LAB3"
#define PACKAGE_TARNAME "inf2610-lab3"
#define PACKAGE_VERSION "2.5"
#define PACKAGE_STRING "INF2610-LAB3 2.5"
#define PACKAGE_BUGREPORT ""
#define PACKAGE_URL ""
#define PACKAGE "inf2610-lab3"
#define VERSION "2.5"
#define STDC_HEADERS 1
#define HAVE_SYS_TYPES_H 1
#define HAVE_SYS_STAT_H 1
#define HAVE_STDLIB_H 1
#define HAVE_STRING_H 1
#define HAVE_MEMORY_H 1
#define HAVE_STRINGS_H 1
#define HAVE_INTTYPES_H 1
#define HAVE_STDINT_H 1
#define HAVE_UNISTD_H 1
#define HAVE_DLFCN_H 1
#define LT_OBJDIR ".libs/"
#define HAVE_SYS_TYPES_H 1
#define HAVE_UNISTD_H 1
#define HAVE_FCNTL_H 1
#define HAVE_STRINGS_H 1
#define HAVE_PTHREAD_H 1
#define HAVE_TIME_H 1
#define HAVE_ERRNO_H 1
#define HAVE_STDARG_H 1
#define HAVE_LIMITS_H 1
#define HAVE_SIGNAL_H 1
#define HAVE_STDLIB_H 1
#define HAVE_INTTYPES_H 1
#define HAVE_MATH_H 1
#define HAVE_LIBPTHREAD 1

configure: exit 0

## ---------------------- ##
## Running config.status. ##
## ---------------------- ##

This file was extended by INF2610-LAB3 config.status 2.5, which was
generated by GNU Autoconf 2.69.  Invocation command line was

  CONFIG_FILES    = 
  CONFIG_HEADERS  = 
  CONFIG_LINKS    = 
  CONFIG_COMMANDS = 
  $ ./config.status 

on joger-ThinkPad-X1-Carbon-3rd

config.status:1165: creating Makefile
config.status:1165: creating scripts/Makefile
config.status:1165: creating pagedump/Makefile
config.status:1165: creating segfault/Makefile
config.status:1165: creating randaddr/Makefile
config.status:1165: creating drmem/Makefile
config.status:1165: creating config.h
config.status:1394: executing depfiles commands
config.status:1394: executing libtool commands

## ---------------------- ##
## Running config.status. ##
## ---------------------- ##

This file was extended by INF2610-LAB3 config.status 2.5, which was
generated by GNU Autoconf 2.69.  Invocation command line was

  CONFIG_FILES    = 
  CONFIG_HEADERS  = 
  CONFIG_LINKS    = 
  CONFIG_COMMANDS = 
  $ ./config.status config.h

on joger-ThinkPad-X1-Carbon-3rd

config.status:1165: creating config.h
config.status:1346: config.h is unchanged
